<?xml version="1.0" encoding="UTF-8"?>
<!-- Generated by org.testng.reporters.JUnitXMLReporter -->
<testsuite hostname="Admin-PC" name="Test" tests="8" failures="0" timestamp="7 Jan 2021 03:53:27 GMT" time="0.344" errors="0">
  <testcase name="@BeforeMethod openBrowser" time="0.0" classname="com.test.operatortest">
    <failure type="java.lang.NoClassDefFoundError" message="com/google/common/collect/ImmutableMap">
      <![CDATA[java.lang.NoClassDefFoundError: com/google/common/collect/ImmutableMap
	at org.openqa.selenium.remote.service.DriverService$Builder.<init>(DriverService.java:259)
	at org.openqa.selenium.chrome.ChromeDriverService$Builder.<init>(ChromeDriverService.java:101)
	at org.openqa.selenium.chrome.ChromeDriverService.createDefaultService(ChromeDriverService.java:94)
	at org.openqa.selenium.chrome.ChromeDriver.<init>(ChromeDriver.java:123)
	at com.test.operatortest.openBrowser(operatortest.java:31)
Caused by: java.lang.ClassNotFoundException: com.google.common.collect.ImmutableMap
	at java.net.URLClassLoader.findClass(Unknown Source)
	at java.lang.ClassLoader.loadClass(Unknown Source)
	at sun.misc.Launcher$AppClassLoader.loadClass(Unknown Source)
	at java.lang.ClassLoader.loadClass(Unknown Source)
	... 32 more
... Removed 27 stack frames]]>
    </failure>
  </testcase> <!-- @BeforeMethod openBrowser -->
  <testcase name="@AfterMethod closeBrowser" time="0.0" classname="com.test.operatortest">
    <skipped/>
  </testcase> <!-- @AfterMethod closeBrowser -->
  <testcase name="@BeforeMethod openBrowser" time="0.0" classname="com.test.operatortest">
    <skipped/>
  </testcase> <!-- @BeforeMethod openBrowser -->
  <testcase name="@AfterMethod closeBrowser" time="0.0" classname="com.test.operatortest">
    <skipped/>
  </testcase> <!-- @AfterMethod closeBrowser -->
  <testcase name="@BeforeMethod openBrowser" time="0.0" classname="com.test.operatortest">
    <skipped/>
  </testcase> <!-- @BeforeMethod openBrowser -->
  <testcase name="@AfterMethod closeBrowser" time="0.0" classname="com.test.operatortest">
    <skipped/>
  </testcase> <!-- @AfterMethod closeBrowser -->
  <testcase name="@BeforeMethod openBrowser" time="0.0" classname="com.test.operatortest">
    <skipped/>
  </testcase> <!-- @BeforeMethod openBrowser -->
  <testcase name="@AfterMethod closeBrowser" time="0.0" classname="com.test.operatortest">
    <skipped/>
  </testcase> <!-- @AfterMethod closeBrowser -->
  <testcase name="@BeforeMethod openBrowser" time="0.0" classname="com.test.operatortest">
    <skipped/>
  </testcase> <!-- @BeforeMethod openBrowser -->
  <testcase name="@AfterMethod closeBrowser" time="0.0" classname="com.test.operatortest">
    <skipped/>
  </testcase> <!-- @AfterMethod closeBrowser -->
  <testcase name="@BeforeMethod openBrowser" time="0.0" classname="com.test.operatortest">
    <skipped/>
  </testcase> <!-- @BeforeMethod openBrowser -->
  <testcase name="@AfterMethod closeBrowser" time="0.0" classname="com.test.operatortest">
    <skipped/>
  </testcase> <!-- @AfterMethod closeBrowser -->
  <testcase name="@BeforeMethod openBrowser" time="0.0" classname="com.test.operatortest">
    <skipped/>
  </testcase> <!-- @BeforeMethod openBrowser -->
  <testcase name="@AfterMethod closeBrowser" time="0.0" classname="com.test.operatortest">
    <skipped/>
  </testcase> <!-- @AfterMethod closeBrowser -->
  <testcase name="@BeforeMethod openBrowser" time="0.0" classname="com.test.operatortest">
    <skipped/>
  </testcase> <!-- @BeforeMethod openBrowser -->
  <testcase name="@AfterMethod closeBrowser" time="0.0" classname="com.test.operatortest">
    <skipped/>
  </testcase> <!-- @AfterMethod closeBrowser -->
  <testcase name="verifyMainHeading" time="0.021" classname="com.test.operatortest">
    <skipped/>
  </testcase> <!-- verifyMainHeading -->
  <testcase name="Heading" time="0.004" classname="com.test.operatortest">
    <skipped/>
  </testcase> <!-- Heading -->
  <testcase name="SubHeading" time="0.004" classname="com.test.operatortest">
    <skipped/>
  </testcase> <!-- SubHeading -->
  <testcase name="PreferedContact" time="0.002" classname="com.test.operatortest">
    <skipped/>
  </testcase> <!-- PreferedContact -->
  <testcase name="Timing" time="0.002" classname="com.test.operatortest">
    <skipped/>
  </testcase> <!-- Timing -->
  <testcase name="Timing2" time="0.002" classname="com.test.operatortest">
    <skipped/>
  </testcase> <!-- Timing2 -->
  <testcase name="call" time="0.002" classname="com.test.operatortest">
    <skipped/>
  </testcase> <!-- call -->
  <testcase name="email" time="0.002" classname="com.test.operatortest">
    <skipped/>
  </testcase> <!-- email -->
</testsuite> <!-- Test -->
