<?xml version="1.0" encoding="UTF-8"?>
<!-- Generated by org.testng.reporters.JUnitXMLReporter -->
<testsuite hostname="Admin-PC" ignored="0" name="Test" tests="7" failures="0" timestamp="15 Jan 2021 13:13:41 GMT" time="190.294" errors="0">
  <testcase name="verifyMainHeading" time="0.39" classname="com.test.UsefullLinkTest"/>
  <testcase name="verifysubHeading" time="0.747" classname="com.test.UsefullLinkTest"/>
  <testcase name="verifyheading" time="0.669" classname="com.test.UsefullLinkTest"/>
  <testcase name="interviewQues" time="4.915" classname="com.test.UsefullLinkTest"/>
  <testcase name="table1" time="1.959" classname="com.test.UsefullLinkTest"/>
  <testcase name="verifytable2" time="1.056" classname="com.test.UsefullLinkTest"/>
  <testcase name="verifytable4" time="0.969" classname="com.test.UsefullLinkTest"/>
</testsuite> <!-- Test -->
