<?xml version="1.0" encoding="UTF-8" ?>
<testsuite tests="7" failures="0" name="TestSuite" time="10.713" errors="0" skipped="0">
  <properties>
[...]
</properties>
  <testcase classname="com.test.UsefullLinkTest" name="verifyMainHeading" time="0.409"/>
  <testcase classname="com.test.UsefullLinkTest" name="verifysubHeading" time="0.75"/>
  <testcase classname="com.test.UsefullLinkTest" name="verifyheading" time="0.666"/>
  <testcase classname="com.test.UsefullLinkTest" name="interviewQues" time="4.911"/>
  <testcase classname="com.test.UsefullLinkTest" name="table1" time="1.959"/>
  <testcase classname="com.test.UsefullLinkTest" name="verifytable2" time="1.053"/>
  <testcase classname="com.test.UsefullLinkTest" name="verifytable4" time="0.965"/>
</testsuite>