<?xml version="1.0" encoding="UTF-8"?>
<testng-results skipped="0" failed="0" total="1" passed="1">
  <reporter-output>
  </reporter-output>
  <suite name="Default suite" duration-ms="33772" started-at="2021-01-15T13:06:32Z" finished-at="2021-01-15T13:07:06Z">
    <groups>
    </groups>
    <test name="Default test" duration-ms="33772" started-at="2021-01-15T13:06:32Z" finished-at="2021-01-15T13:07:06Z">
      <class name="com.test.UsefullLinkTest">
        <test-method status="PASS" signature="openBrowser()[pri:0, instance:com.test.UsefullLinkTest@d56d67]" name="openBrowser" is-config="true" duration-ms="31432" started-at="2021-01-15T18:36:32Z" finished-at="2021-01-15T18:37:04Z">
          <reporter-output>
          </reporter-output>
        </test-method> <!-- openBrowser -->
        <test-method status="PASS" signature="verifytable2()[pri:6, instance:com.test.UsefullLinkTest@d56d67]" name="verifytable2" duration-ms="742" started-at="2021-01-15T18:37:04Z" finished-at="2021-01-15T18:37:05Z">
          <reporter-output>
          </reporter-output>
        </test-method> <!-- verifytable2 -->
        <test-method status="PASS" signature="closeBrowser()[pri:0, instance:com.test.UsefullLinkTest@d56d67]" name="closeBrowser" is-config="true" duration-ms="1550" started-at="2021-01-15T18:37:05Z" finished-at="2021-01-15T18:37:06Z">
          <reporter-output>
          </reporter-output>
        </test-method> <!-- closeBrowser -->
      </class> <!-- com.test.UsefullLinkTest -->
    </test> <!-- Default test -->
  </suite> <!-- Default suite -->
</testng-results>
